<html>
<head>
<title>TestNG:  Test</title>
<link href="../testng.css" rel="stylesheet" type="text/css" />
<link href="../my-testng.css" rel="stylesheet" type="text/css" />

<style type="text/css">
.log { display: none;} 
.stack-trace { display: none;} 
</style>
<script type="text/javascript">
<!--
function flip(e) {
  current = e.style.display;
  if (current == 'block') {
    e.style.display = 'none';
    return 0;
  }
  else {
    e.style.display = 'block';
    return 1;
  }
}

function toggleBox(szDivId, elem, msg1, msg2)
{
  var res = -1;  if (document.getElementById) {
    res = flip(document.getElementById(szDivId));
  }
  else if (document.all) {
    // this is the way old msie versions work
    res = flip(document.all[szDivId]);
  }
  if(elem) {
    if(res == 0) elem.innerHTML = msg1; else elem.innerHTML = msg2;
  }

}

function toggleAllBoxes() {
  if (document.getElementsByTagName) {
    d = document.getElementsByTagName('div');
    for (i = 0; i < d.length; i++) {
      if (d[i].className == 'log') {
        flip(d[i]);
      }
    }
  }
}

// -->
</script>

</head>
<body>
<h2 align='center'>Test</h2><table border='1' align="center">
<tr>
<td>Tests passed/Failed/Skipped:</td><td>8/0/0</td>
</tr><tr>
<td>Started on:</td><td>Wed Sep 23 17:12:38 BST 2020</td>
</tr>
<tr><td>Total time:</td><td>277 seconds (277125 ms)</td>
</tr><tr>
<td>Included groups:</td><td></td>
</tr><tr>
<td>Excluded groups:</td><td></td>
</tr>
</table><p/>
<small><i>(Hover the method name to see the test class name)</i></small><p/>
<table width='100%' border='1' class='invocation-failed'>
<tr><td colspan='4' align='center'><b>FAILED CONFIGURATIONS</b></td></tr>
<tr><td><b>Test method</b></td>
<td width="30%"><b>Exception</b></td>
<td width="10%"><b>Time (seconds)</b></td>
<td><b>Instance</b></td>
</tr>
<tr>
<td title='com.scripts.actitime.Testcreatcustomer.logout()'><b>logout</b><br>Test class: com.scripts.actitime.Testcreatcustomer</td>
<td><div><pre>org.openqa.selenium.ElementClickInterceptedException: element click intercepted: Element &lt;a href=&quot;/logout.do&quot; id=&quot;logoutLink&quot; class=&quot;logout&quot;&gt;...&lt;/a&gt; is not clickable at point (1309, 3). Other element would receive the click: &lt;img src=&quot;/img/default/dialogs/exitconfirm/shade.png?hash=1171765977&quot; id=&quot;muar&quot; style=&quot;display: block;&quot;&gt;
  (Session info: chrome=85.0.4183.102)
Build info: version: &apos;4.0.0-alpha-5&apos;, revision: &apos;b3a0d621cc&apos;
System info: host: &apos;MEDONA&apos;, ip: &apos;192.168.1.155&apos;, os.name: &apos;Windows 10&apos;, os.arch: &apos;amd64&apos;, os.version: &apos;10.0&apos;, java.version: &apos;1.8.0_251&apos;
Driver info: org.openqa.selenium.chrome.ChromeDriver
Capabilities {acceptInsecureCerts: false, browserName: chrome, browserVersion: 85.0.4183.102, chrome: {chromedriverVersion: 85.0.4183.87 (cd6713ebf92fa..., userDataDir: C:\Users\JMJ\AppData\Local\...}, goog:chromeOptions: {debuggerAddress: localhost:52763}, javascriptEnabled: true, networkConnectionEnabled: false, pageLoadStrategy: normal, platform: WINDOWS, platformName: WINDOWS, proxy: Proxy(), setWindowRect: true, strictFileInteractability: false, timeouts: {implicit: 0, pageLoad: 300000, script: 30000}, unhandledPromptBehavior: dismiss and notify, webauthn:virtualAuthenticators: true}
Session ID: b05c7bb5bbd682902bdb0c35d2f5aa54
	at org.openqa.selenium.remote.codec.w3c.W3CHttpResponseCodec.createException(W3CHttpResponseCodec.java:196)
	at org.openqa.selenium.remote.codec.w3c.W3CHttpResponseCodec.decode(W3CHttpResponseCodec.java:129)
	at org.openqa.selenium.remote.codec.w3c.W3CHttpResponseCodec.decode(W3CHttpResponseCodec.java:53)
	at org.openqa.selenium.remote.HttpCommandExecutor.execute(HttpCommandExecutor.java:161)
	at org.openqa.selenium.remote.service.DriverCommandExecutor.execute(DriverCommandExecutor.java:83)
	at org.openqa.selenium.remote.RemoteWebDriver.execute(RemoteWebDriver.java:582)
	at org.openqa.selenium.remote.RemoteWebElement.execute(RemoteWebElement.java:316)
	at org.openqa.selenium.remote.RemoteWebElement.click(RemoteWebElement.java:85)
	at org.openqa.selenium.support.pagefactory.internal.LocatingElementHandler.invoke(LocatingElementHandler.java:52)
	at com.sun.proxy.$Proxy15.click(Unknown Source)
	at com.pages.actitime.ActitimeHomepage.logoutMethod(ActitimeHomepage.java:65)
	at com.generics.actitime.Basetest.logout(Basetest.java:51)
... Removed 35 stack frames</pre></div><a href='#' onClick='toggleBox("stack-trace1609742538", this, "Click to show all stack frames", "Click to hide stack frames")'>Click to show all stack frames</a>
<div class='stack-trace' id='stack-trace1609742538'><pre>org.openqa.selenium.ElementClickInterceptedException: element click intercepted: Element &lt;a href=&quot;/logout.do&quot; id=&quot;logoutLink&quot; class=&quot;logout&quot;&gt;...&lt;/a&gt; is not clickable at point (1309, 3). Other element would receive the click: &lt;img src=&quot;/img/default/dialogs/exitconfirm/shade.png?hash=1171765977&quot; id=&quot;muar&quot; style=&quot;display: block;&quot;&gt;
  (Session info: chrome=85.0.4183.102)
Build info: version: &apos;4.0.0-alpha-5&apos;, revision: &apos;b3a0d621cc&apos;
System info: host: &apos;MEDONA&apos;, ip: &apos;192.168.1.155&apos;, os.name: &apos;Windows 10&apos;, os.arch: &apos;amd64&apos;, os.version: &apos;10.0&apos;, java.version: &apos;1.8.0_251&apos;
Driver info: org.openqa.selenium.chrome.ChromeDriver
Capabilities {acceptInsecureCerts: false, browserName: chrome, browserVersion: 85.0.4183.102, chrome: {chromedriverVersion: 85.0.4183.87 (cd6713ebf92fa..., userDataDir: C:\Users\JMJ\AppData\Local\...}, goog:chromeOptions: {debuggerAddress: localhost:52763}, javascriptEnabled: true, networkConnectionEnabled: false, pageLoadStrategy: normal, platform: WINDOWS, platformName: WINDOWS, proxy: Proxy(), setWindowRect: true, strictFileInteractability: false, timeouts: {implicit: 0, pageLoad: 300000, script: 30000}, unhandledPromptBehavior: dismiss and notify, webauthn:virtualAuthenticators: true}
Session ID: b05c7bb5bbd682902bdb0c35d2f5aa54
	at sun.reflect.NativeConstructorAccessorImpl.newInstance0(Native Method)
	at sun.reflect.NativeConstructorAccessorImpl.newInstance(Unknown Source)
	at sun.reflect.DelegatingConstructorAccessorImpl.newInstance(Unknown Source)
	at java.lang.reflect.Constructor.newInstance(Unknown Source)
	at org.openqa.selenium.remote.codec.w3c.W3CHttpResponseCodec.createException(W3CHttpResponseCodec.java:196)
	at org.openqa.selenium.remote.codec.w3c.W3CHttpResponseCodec.decode(W3CHttpResponseCodec.java:129)
	at org.openqa.selenium.remote.codec.w3c.W3CHttpResponseCodec.decode(W3CHttpResponseCodec.java:53)
	at org.openqa.selenium.remote.HttpCommandExecutor.execute(HttpCommandExecutor.java:161)
	at org.openqa.selenium.remote.service.DriverCommandExecutor.execute(DriverCommandExecutor.java:83)
	at org.openqa.selenium.remote.RemoteWebDriver.execute(RemoteWebDriver.java:582)
	at org.openqa.selenium.remote.RemoteWebElement.execute(RemoteWebElement.java:316)
	at org.openqa.selenium.remote.RemoteWebElement.click(RemoteWebElement.java:85)
	at sun.reflect.GeneratedMethodAccessor1.invoke(Unknown Source)
	at sun.reflect.DelegatingMethodAccessorImpl.invoke(Unknown Source)
	at java.lang.reflect.Method.invoke(Unknown Source)
	at org.openqa.selenium.support.pagefactory.internal.LocatingElementHandler.invoke(LocatingElementHandler.java:52)
	at com.sun.proxy.$Proxy15.click(Unknown Source)
	at com.pages.actitime.ActitimeHomepage.logoutMethod(ActitimeHomepage.java:65)
	at com.generics.actitime.Basetest.logout(Basetest.java:51)
	at sun.reflect.NativeMethodAccessorImpl.invoke0(Native Method)
	at sun.reflect.NativeMethodAccessorImpl.invoke(Unknown Source)
	at sun.reflect.DelegatingMethodAccessorImpl.invoke(Unknown Source)
	at java.lang.reflect.Method.invoke(Unknown Source)
	at org.testng.internal.MethodInvocationHelper.invokeMethod(MethodInvocationHelper.java:124)
	at org.testng.internal.MethodInvocationHelper.invokeMethodConsideringTimeout(MethodInvocationHelper.java:59)
	at org.testng.internal.Invoker.invokeConfigurationMethod(Invoker.java:458)
	at org.testng.internal.Invoker.invokeConfigurations(Invoker.java:222)
	at org.testng.internal.Invoker.invokeMethod(Invoker.java:646)
	at org.testng.internal.Invoker.invokeTestMethod(Invoker.java:719)
	at org.testng.internal.Invoker.invokeTestMethods(Invoker.java:989)
	at org.testng.internal.TestMethodWorker.invokeTestMethods(TestMethodWorker.java:125)
	at org.testng.internal.TestMethodWorker.run(TestMethodWorker.java:109)
	at org.testng.TestRunner.privateRun(TestRunner.java:648)
	at org.testng.TestRunner.run(TestRunner.java:505)
	at org.testng.SuiteRunner.runTest(SuiteRunner.java:455)
	at org.testng.SuiteRunner.runSequentially(SuiteRunner.java:450)
	at org.testng.SuiteRunner.privateRun(SuiteRunner.java:415)
	at org.testng.SuiteRunner.run(SuiteRunner.java:364)
	at org.testng.SuiteRunnerWorker.runSuite(SuiteRunnerWorker.java:52)
	at org.testng.SuiteRunnerWorker.run(SuiteRunnerWorker.java:84)
	at org.testng.TestNG.runSuitesSequentially(TestNG.java:1208)
	at org.testng.TestNG.runSuitesLocally(TestNG.java:1137)
	at org.testng.TestNG.runSuites(TestNG.java:1049)
	at org.testng.TestNG.run(TestNG.java:1017)
	at org.testng.remote.AbstractRemoteTestNG.run(AbstractRemoteTestNG.java:115)
	at org.testng.remote.RemoteTestNG.initAndRun(RemoteTestNG.java:251)
	at org.testng.remote.RemoteTestNG.main(RemoteTestNG.java:77)
</pre></div></td>
<td>4</td>
<td>com.scripts.actitime.Testcreatcustomer@4b4523f8</td></tr>
</table><p>
<table width='100%' border='1' class='invocation-skipped'>
<tr><td colspan='4' align='center'><b>SKIPPED CONFIGURATIONS</b></td></tr>
<tr><td><b>Test method</b></td>
<td width="30%"><b>Exception</b></td>
<td width="10%"><b>Time (seconds)</b></td>
<td><b>Instance</b></td>
</tr>
<tr>
<td title='com.scripts.actitime.Testcreatcustomer.closebrowser()'><b>closebrowser</b><br>Test class: com.scripts.actitime.Testcreatcustomer</td>
<td></td>
<td>0</td>
<td>com.scripts.actitime.Testcreatcustomer@4b4523f8</td></tr>
</table><p>
<table width='100%' border='1' class='invocation-passed'>
<tr><td colspan='4' align='center'><b>PASSED TESTS</b></td></tr>
<tr><td><b>Test method</b></td>
<td width="30%"><b>Exception</b></td>
<td width="10%"><b>Time (seconds)</b></td>
<td><b>Instance</b></td>
</tr>
<tr>
<td title='com.scripts.actitime.Testcreatcustomer.customer()'><b>customer</b><br>Test class: com.scripts.actitime.Testcreatcustomer</td>
<td></td>
<td>12</td>
<td>com.scripts.actitime.Testcreatcustomer@4b4523f8</td></tr>
<tr>
<td title='com.scripts.actitime.Testdeleteleave.deleteleave()'><b>deleteleave</b><br>Test class: com.scripts.actitime.Testdeleteleave</td>
<td></td>
<td>13</td>
<td>com.scripts.actitime.Testdeleteleave@369f73a2</td></tr>
<tr>
<td title='com.scripts.actitime.Testdeletework.deletework()'><b>deletework</b><br>Test class: com.scripts.actitime.Testdeletework</td>
<td></td>
<td>14</td>
<td>com.scripts.actitime.Testdeletework@3b0143d3</td></tr>
<tr>
<td title='com.scripts.actitime.Testeditleave.editleavetype()'><b>editleavetype</b><br>Test class: com.scripts.actitime.Testeditleave</td>
<td></td>
<td>12</td>
<td>com.scripts.actitime.Testeditleave@5a8e6209</td></tr>
<tr>
<td title='com.scripts.actitime.Testeditwork.editworktype()'><b>editworktype</b><br>Test class: com.scripts.actitime.Testeditwork</td>
<td></td>
<td>17</td>
<td>com.scripts.actitime.Testeditwork@1f28c152</td></tr>
<tr>
<td title='com.scripts.actitime.Testcreatleave.leave()'><b>leave</b><br>Test class: com.scripts.actitime.Testcreatleave</td>
<td></td>
<td>13</td>
<td>com.scripts.actitime.Testcreatleave@57536d79</td></tr>
<tr>
<td title='com.scripts.actitime.TestActitimelogin.login()'><b>login</b><br>Test class: com.scripts.actitime.TestActitimelogin</td>
<td></td>
<td>2</td>
<td>com.scripts.actitime.TestActitimelogin@6ddf90b0</td></tr>
<tr>
<td title='com.scripts.actitime.Testcreatwork.work()'><b>work</b><br>Test class: com.scripts.actitime.Testcreatwork</td>
<td></td>
<td>17</td>
<td>com.scripts.actitime.Testcreatwork@731a74c</td></tr>
</table><p>
</body>
</html>